2025/06/23 20:33:25 Project directory: /Users/jairo/mavis
2025/06/23 20:33:25 Changed working directory to: /Users/jairo
2025/06/23 20:33:25 Starting agent monitoring process...
2025/06/23 20:33:25 Agent monitor started. Checking agents every 5 seconds...
2025/06/23 20:33:25 [Recovery] Starting recovery check process...
2025/06/23 20:33:25 Starting web server on port 8080
2025/06/23 20:33:25 Starting web server on port 8080
2025/06/23 20:33:25 Ready
2025/06/23 20:33:30 [AgentMonitor] Starting monitoring cycle...
2025/06/23 20:33:30 [AgentMonitor] Found 0 agents to check
2025/06/23 20:33:35 [AgentMonitor] Starting monitoring cycle...
2025/06/23 20:33:35 [AgentMonitor] Found 0 agents to check
2025/06/23 20:33:40 [AgentMonitor] Starting monitoring cycle...
2025/06/23 20:33:40 [AgentMonitor] Found 0 agents to check
2025/06/23 20:33:45 [AgentMonitor] Starting monitoring cycle...
2025/06/23 20:33:45 [AgentMonitor] Found 0 agents to check
2025/06/23 20:33:50 [AgentMonitor] Starting monitoring cycle...
2025/06/23 20:33:50 [AgentMonitor] Found 0 agents to check
2025/06/23 20:33:55 [AgentMonitor] Starting monitoring cycle...
2025/06/23 20:33:55 [AgentMonitor] Found 0 agents to check
2025/06/23 20:33:55 [Recovery] Performing recovery check...
